# IPython log file

# Wed, 08 Jan 2020 12:59:23
%logstart -ort Hoffman_1_3_3.log# Wed, 08 Jan 2020 12:59:46
a = 3# Wed, 08 Jan 2020 12:59:54
a**2#[Out]# 9
# Wed, 08 Jan 2020 13:00:18
a==3#[Out]# True
# Wed, 08 Jan 2020 13:00:56
a+1 >= 2 and a**2 != 5 # compound conditional#[Out]# True
# Wed, 08 Jan 2020 13:01:26
a**2 >= 9 and not a>3#[Out]# True
# Wed, 08 Jan 2020 13:01:37
a+2 == 5 or a-1 != 3#[Out]# True
# Wed, 08 Jan 2020 13:02:05
x, y = (65, 40)# Wed, 08 Jan 2020 13:02:08
x#[Out]# 65
# Wed, 08 Jan 2020 13:02:19
50 < x and x < 80 and 30 <= y and y <= 45#[Out]# True
# Wed, 08 Jan 2020 13:04:32
40>=x and x<=130 and 100 <=y and y <=120#[Out]# False
# Wed, 08 Jan 2020 13:05:01
x, y = (90, 115)# Wed, 08 Jan 2020 13:05:36
40>=x and x<=130 and 100 <=y and y <=120#[Out]# False
# Wed, 08 Jan 2020 13:05:50
40<=x and x<=130 and 100 <=y and y <=120#[Out]# True
# Wed, 08 Jan 2020 13:06:22
from __future__ import print_function # use Python 3.0 printing

def age_limit_output(age):
    '''Step 6a if-else example'''
    AGE_LIMIT = 13    # convention: use CAPS for constants
    if age < AGE_LIMIT:
      print (age, 'is below the age limit.')
    else:
      print(age, 'is old enough.')
    print(' Minimum age is ', AGE_LIMIT)# Wed, 08 Jan 2020 13:06:36
age_limit_output(10)# Wed, 08 Jan 2020 13:06:51
age_limit_output(16)# Wed, 08 Jan 2020 13:13:36
def report_grade(percent):
    '''Step 6b if-else'''
    mastery=80
    if percent < mastery:
        print ('A grade of',prence,'does not indicate mastery.')
        print ('Seek extra practice or help.')
    if percent > mastery:
        print('A grade of',percent,'indicates mastery.')
        print('Keep up the good work.')# Wed, 08 Jan 2020 13:13:55
report_grade(79)# Wed, 08 Jan 2020 13:14:19
def report_grade(percent):
    '''Step 6b if-else'''
    mastery=80
    if percent < mastery:
        print ('A grade of',percent,'does not indicate mastery.')
        print ('Seek extra practice or help.')
    if percent > mastery:
        print('A grade of',percent,'indicates mastery.')
        print('Keep up the good work.')# Wed, 08 Jan 2020 13:14:21
report_grade(79)# Wed, 08 Jan 2020 13:14:56
report_grade(85)# Wed, 08 Jan 2020 13:15:55
't' in 'string' # includes lowercase t character#[Out]# True
# Wed, 08 Jan 2020 13:16:06
'T' in 'string' # case matters#[Out]# False
# Wed, 08 Jan 2020 13:16:19
3 in [1,2,3] # this list contains the int 3#[Out]# True
# Wed, 08 Jan 2020 13:16:39
'3' in [1,2,3] # '3' is a string, different than 3#[Out]# False
# Wed, 08 Jan 2020 13:17:02
def vowel(letter):
    vowels = 'aeiouAEIOU'
    if letter in vowels:
      return True
    else:
      return False
# should check len(letter)==1# Wed, 08 Jan 2020 13:17:18
letter_in_word ('t', 'secret hangman phrase')# Wed, 08 Jan 2020 13:18:08
def letter_in_word(letter):
    vowels = 'aeiouAEIOU'
    if letter in vowels:
      return True
    else:
      return False
# should check len(letter)==1# Wed, 08 Jan 2020 13:18:11
letter_in_word ('t', 'secret hangman phrase')# Wed, 08 Jan 2020 13:18:39
def vowel(letter):
    vowels = 'aeiouAEIOU'
    if letter in vowels:
      return True
    else:
      return False
# should check len(letter)==1# Wed, 08 Jan 2020 13:18:59
vowel(oae)# Wed, 08 Jan 2020 13:19:37
vowel('oea')#[Out]# False
# Wed, 08 Jan 2020 13:19:44
vowel('o')#[Out]# True
